This file contains any messages produced by compilers while
running configure, to aid debugging if configure makes a mistake.

It was created by configure, which was
generated by GNU Autoconf 2.60.  Invocation command line was

  $ ./configure 

## --------- ##
## Platform. ##
## --------- ##

hostname = bezzo-ThinkPad-P50
uname -m = x86_64
uname -r = 4.4.0-105-generic
uname -s = Linux
uname -v = #128~14.04.1-Ubuntu SMP Thu Dec 14 16:57:27 UTC 2017

/usr/bin/uname -p = unknown
/bin/uname -X     = unknown

/bin/arch              = unknown
/usr/bin/arch -k       = unknown
/usr/convex/getsysinfo = unknown
/usr/bin/hostinfo      = unknown
/bin/machine           = unknown
/usr/bin/oslevel       = unknown
/bin/universe          = unknown

PATH: /home/bezzo/catkin_ws/devel/bin
PATH: /opt/ros/indigo/bin
PATH: /usr/local/sbin
PATH: /usr/local/bin
PATH: /usr/sbin
PATH: /usr/bin
PATH: /sbin
PATH: /bin
PATH: /usr/games
PATH: /usr/local/games
PATH: /usr/lib/jvm/java-8-oracle/bin
PATH: /usr/lib/jvm/java-8-oracle/db/bin
PATH: /usr/lib/jvm/java-8-oracle/jre/bin
PATH: /usr/local/cuda-8.0/bin
PATH: /usr/local/arm7/bin


## ----------- ##
## Core tests. ##
## ----------- ##

configure:1832: checking for a BSD-compatible install
configure:1888: result: /usr/bin/install -c
configure:1899: checking whether build environment is sane
configure:1942: result: yes
configure:2007: checking for gawk
configure:2037: result: no
configure:2007: checking for mawk
configure:2023: found /usr/bin/mawk
configure:2034: result: mawk
configure:2045: checking whether make sets $(MAKE)
configure:2066: result: yes
configure:2316: checking for gcc
configure:2332: found /usr/bin/gcc
configure:2343: result: gcc
configure:2581: checking for C compiler version
configure:2588: gcc --version >&5
gcc (Ubuntu 4.8.5-2ubuntu1~14.04.1) 4.8.5
Copyright (C) 2015 Free Software Foundation, Inc.
This is free software; see the source for copying conditions.  There is NO
warranty; not even for MERCHANTABILITY or FITNESS FOR A PARTICULAR PURPOSE.

configure:2591: $? = 0
configure:2598: gcc -v >&5
Using built-in specs.
COLLECT_GCC=gcc
COLLECT_LTO_WRAPPER=/usr/lib/gcc/x86_64-linux-gnu/4.8/lto-wrapper
Target: x86_64-linux-gnu
Configured with: ../src/configure -v --with-pkgversion='Ubuntu 4.8.5-2ubuntu1~14.04.1' --with-bugurl=file:///usr/share/doc/gcc-4.8/README.Bugs --enable-languages=c,c++,java,go,d,fortran,objc,obj-c++ --prefix=/usr --program-suffix=-4.8 --enable-shared --enable-linker-build-id --libexecdir=/usr/lib --without-included-gettext --enable-threads=posix --with-gxx-include-dir=/usr/include/c++/4.8 --libdir=/usr/lib --enable-nls --with-sysroot=/ --enable-clocale=gnu --enable-libstdcxx-debug --enable-libstdcxx-time=yes --enable-gnu-unique-object --disable-libmudflap --enable-plugin --with-system-zlib --disable-browser-plugin --enable-java-awt=gtk --enable-gtk-cairo --with-java-home=/usr/lib/jvm/java-1.5.0-gcj-4.8-amd64/jre --enable-java-home --with-jvm-root-dir=/usr/lib/jvm/java-1.5.0-gcj-4.8-amd64 --with-jvm-jar-dir=/usr/lib/jvm-exports/java-1.5.0-gcj-4.8-amd64 --with-arch-directory=amd64 --with-ecj-jar=/usr/share/java/eclipse-ecj.jar --enable-objc-gc --enable-multiarch --disable-werror --with-arch-32=i686 --with-abi=m64 --with-multilib-list=m32,m64,mx32 --with-tune=generic --enable-checking=release --build=x86_64-linux-gnu --host=x86_64-linux-gnu --target=x86_64-linux-gnu
Thread model: posix
gcc version 4.8.5 (Ubuntu 4.8.5-2ubuntu1~14.04.1) 
configure:2601: $? = 0
configure:2608: gcc -V >&5
gcc: error: unrecognized command line option '-V'
gcc: fatal error: no input files
compilation terminated.
configure:2611: $? = 4
configure:2634: checking for C compiler default output file name
configure:2661: gcc -fPIC -fPIC  conftest.c  >&5
configure:2664: $? = 0
configure:2710: result: a.out
configure:2715: checking whether the C compiler works
configure:2725: ./a.out
configure:2728: $? = 0
configure:2745: result: yes
configure:2752: checking whether we are cross compiling
configure:2754: result: no
configure:2757: checking for suffix of executables
configure:2764: gcc -o conftest -fPIC -fPIC  conftest.c  >&5
configure:2767: $? = 0
configure:2791: result: 
configure:2797: checking for suffix of object files
configure:2823: gcc -c -fPIC -fPIC conftest.c >&5
configure:2826: $? = 0
configure:2849: result: o
configure:2853: checking whether we are using the GNU C compiler
configure:2882: gcc -c -fPIC -fPIC conftest.c >&5
configure:2888: $? = 0
configure:2895: test -z "$ac_c_werror_flag" || test ! -s conftest.err
configure:2898: $? = 0
configure:2905: test -s conftest.o
configure:2908: $? = 0
configure:2922: result: yes
configure:2927: checking whether gcc accepts -g
configure:2957: gcc -c -g -fPIC conftest.c >&5
configure:2963: $? = 0
configure:2970: test -z "$ac_c_werror_flag" || test ! -s conftest.err
configure:2973: $? = 0
configure:2980: test -s conftest.o
configure:2983: $? = 0
configure:3113: result: yes
configure:3130: checking for gcc option to accept ISO C89
configure:3204: gcc  -c -fPIC -fPIC conftest.c >&5
configure:3210: $? = 0
configure:3217: test -z "$ac_c_werror_flag" || test ! -s conftest.err
configure:3220: $? = 0
configure:3227: test -s conftest.o
configure:3230: $? = 0
configure:3250: result: none needed
configure:3279: checking for style of include used by make
configure:3307: result: GNU
configure:3335: checking dependency style of gcc
configure:3425: result: gcc3
configure:3447: checking how to run the C preprocessor
configure:3487: gcc -E -fPIC conftest.c
configure:3493: $? = 0
configure:3531: gcc -E -fPIC conftest.c
conftest.c:10:28: fatal error: ac_nonexistent.h: No such file or directory
 #include <ac_nonexistent.h>
                            ^
compilation terminated.
configure:3537: $? = 1
configure: failed program was:
| /* confdefs.h.  */
| #define PACKAGE_NAME ""
| #define PACKAGE_TARNAME ""
| #define PACKAGE_VERSION ""
| #define PACKAGE_STRING ""
| #define PACKAGE_BUGREPORT ""
| #define PACKAGE "plib"
| #define VERSION "1.8.5"
| /* end confdefs.h.  */
| #include <ac_nonexistent.h>
configure:3577: result: gcc -E
configure:3606: gcc -E -fPIC conftest.c
configure:3612: $? = 0
configure:3650: gcc -E -fPIC conftest.c
conftest.c:10:28: fatal error: ac_nonexistent.h: No such file or directory
 #include <ac_nonexistent.h>
                            ^
compilation terminated.
configure:3656: $? = 1
configure: failed program was:
| /* confdefs.h.  */
| #define PACKAGE_NAME ""
| #define PACKAGE_TARNAME ""
| #define PACKAGE_VERSION ""
| #define PACKAGE_STRING ""
| #define PACKAGE_BUGREPORT ""
| #define PACKAGE "plib"
| #define VERSION "1.8.5"
| /* end confdefs.h.  */
| #include <ac_nonexistent.h>
configure:3758: checking for g++
configure:3774: found /usr/bin/g++
configure:3785: result: g++
configure:3816: checking for C++ compiler version
configure:3823: g++ --version >&5
g++ (Ubuntu 4.8.5-2ubuntu1~14.04.1) 4.8.5
Copyright (C) 2015 Free Software Foundation, Inc.
This is free software; see the source for copying conditions.  There is NO
warranty; not even for MERCHANTABILITY or FITNESS FOR A PARTICULAR PURPOSE.

configure:3826: $? = 0
configure:3833: g++ -v >&5
Using built-in specs.
COLLECT_GCC=g++
COLLECT_LTO_WRAPPER=/usr/lib/gcc/x86_64-linux-gnu/4.8/lto-wrapper
Target: x86_64-linux-gnu
Configured with: ../src/configure -v --with-pkgversion='Ubuntu 4.8.5-2ubuntu1~14.04.1' --with-bugurl=file:///usr/share/doc/gcc-4.8/README.Bugs --enable-languages=c,c++,java,go,d,fortran,objc,obj-c++ --prefix=/usr --program-suffix=-4.8 --enable-shared --enable-linker-build-id --libexecdir=/usr/lib --without-included-gettext --enable-threads=posix --with-gxx-include-dir=/usr/include/c++/4.8 --libdir=/usr/lib --enable-nls --with-sysroot=/ --enable-clocale=gnu --enable-libstdcxx-debug --enable-libstdcxx-time=yes --enable-gnu-unique-object --disable-libmudflap --enable-plugin --with-system-zlib --disable-browser-plugin --enable-java-awt=gtk --enable-gtk-cairo --with-java-home=/usr/lib/jvm/java-1.5.0-gcj-4.8-amd64/jre --enable-java-home --with-jvm-root-dir=/usr/lib/jvm/java-1.5.0-gcj-4.8-amd64 --with-jvm-jar-dir=/usr/lib/jvm-exports/java-1.5.0-gcj-4.8-amd64 --with-arch-directory=amd64 --with-ecj-jar=/usr/share/java/eclipse-ecj.jar --enable-objc-gc --enable-multiarch --disable-werror --with-arch-32=i686 --with-abi=m64 --with-multilib-list=m32,m64,mx32 --with-tune=generic --enable-checking=release --build=x86_64-linux-gnu --host=x86_64-linux-gnu --target=x86_64-linux-gnu
Thread model: posix
gcc version 4.8.5 (Ubuntu 4.8.5-2ubuntu1~14.04.1) 
configure:3836: $? = 0
configure:3843: g++ -V >&5
g++: error: unrecognized command line option '-V'
g++: fatal error: no input files
compilation terminated.
configure:3846: $? = 4
configure:3849: checking whether we are using the GNU C++ compiler
configure:3878: g++ -c -fPIC -fPIC conftest.cpp >&5
configure:3884: $? = 0
configure:3891: test -z "$ac_cxx_werror_flag" || test ! -s conftest.err
configure:3894: $? = 0
configure:3901: test -s conftest.o
configure:3904: $? = 0
configure:3918: result: yes
configure:3923: checking whether g++ accepts -g
configure:3953: g++ -c -g -fPIC conftest.cpp >&5
configure:3959: $? = 0
configure:3966: test -z "$ac_cxx_werror_flag" || test ! -s conftest.err
configure:3969: $? = 0
configure:3976: test -s conftest.o
configure:3979: $? = 0
configure:4109: result: yes
configure:4134: checking dependency style of g++
configure:4224: result: gcc3
configure:4246: checking how to run the C++ preprocessor
configure:4282: g++ -E -fPIC conftest.cpp
configure:4288: $? = 0
configure:4326: g++ -E -fPIC conftest.cpp
conftest.cpp:10:28: fatal error: ac_nonexistent.h: No such file or directory
 #include <ac_nonexistent.h>
                            ^
compilation terminated.
configure:4332: $? = 1
configure: failed program was:
| /* confdefs.h.  */
| #define PACKAGE_NAME ""
| #define PACKAGE_TARNAME ""
| #define PACKAGE_VERSION ""
| #define PACKAGE_STRING ""
| #define PACKAGE_BUGREPORT ""
| #define PACKAGE "plib"
| #define VERSION "1.8.5"
| /* end confdefs.h.  */
| #include <ac_nonexistent.h>
configure:4372: result: g++ -E
configure:4401: g++ -E -fPIC conftest.cpp
configure:4407: $? = 0
configure:4445: g++ -E -fPIC conftest.cpp
conftest.cpp:10:28: fatal error: ac_nonexistent.h: No such file or directory
 #include <ac_nonexistent.h>
                            ^
compilation terminated.
configure:4451: $? = 1
configure: failed program was:
| /* confdefs.h.  */
| #define PACKAGE_NAME ""
| #define PACKAGE_TARNAME ""
| #define PACKAGE_VERSION ""
| #define PACKAGE_STRING ""
| #define PACKAGE_BUGREPORT ""
| #define PACKAGE "plib"
| #define VERSION "1.8.5"
| /* end confdefs.h.  */
| #include <ac_nonexistent.h>
configure:4508: checking for a BSD-compatible install
configure:4564: result: /usr/bin/install -c
configure:4618: checking for ranlib
configure:4634: found /usr/bin/ranlib
configure:4645: result: ranlib
configure:5059: checking build system type
configure:5077: result: x86_64-unknown-linux-gnu
configure:5099: checking host system type
configure:5114: result: x86_64-unknown-linux-gnu
configure:5159: checking for X
configure:5274: gcc -E -fPIC conftest.c
configure:5280: $? = 0
configure:5336: gcc -o conftest -fPIC -fPIC  conftest.c -lXt  >&5
/tmp/ccNKQFxw.o: In function `main':
conftest.c:(.text+0x5): undefined reference to `XrmInitialize'
collect2: error: ld returned 1 exit status
configure:5342: $? = 1
configure: failed program was:
| /* confdefs.h.  */
| #define PACKAGE_NAME ""
| #define PACKAGE_TARNAME ""
| #define PACKAGE_VERSION ""
| #define PACKAGE_STRING ""
| #define PACKAGE_BUGREPORT ""
| #define PACKAGE "plib"
| #define VERSION "1.8.5"
| /* end confdefs.h.  */
| #include <X11/Xlib.h>
| int
| main ()
| {
| XrmInitialize ()
|   ;
|   return 0;
| }
configure:5406: result: no
configure:6754: checking for pthread_create in -lpthread
configure:6789: gcc -o conftest -fPIC -fPIC   conftest.c -lpthread    -lXi -lXmu -lXext -lX11  -lm >&5
configure:6795: $? = 0
configure:6802: test -z "$ac_c_werror_flag" || test ! -s conftest.err
configure:6805: $? = 0
configure:6812: test -s conftest
configure:6815: $? = 0
configure:6829: result: yes
configure:6841: checking for glNewList in -lGL
configure:6876: gcc -o conftest -fPIC -fPIC   conftest.c -lGL  -lpthread   -lXi -lXmu -lXext -lX11  -lm >&5
configure:6882: $? = 0
configure:6889: test -z "$ac_c_werror_flag" || test ! -s conftest.err
configure:6892: $? = 0
configure:6899: test -s conftest
configure:6902: $? = 0
configure:6916: result: yes
configure:7024: checking for dlclose in -ldl
configure:7059: gcc -o conftest -fPIC -fPIC   conftest.c -ldl  -lGL -lpthread   -lXi -lXmu -lXext -lX11  -lm >&5
configure:7065: $? = 0
configure:7072: test -z "$ac_c_werror_flag" || test ! -s conftest.err
configure:7075: $? = 0
configure:7082: test -s conftest
configure:7085: $? = 0
configure:7099: result: yes
configure:7112: checking for ALopenport in -laudio
configure:7147: gcc -o conftest -fPIC -fPIC   conftest.c -laudio  -ldl -lGL -lpthread   -lXi -lXmu -lXext -lX11  -lm >&5
/usr/bin/ld: cannot find -laudio
collect2: error: ld returned 1 exit status
configure:7153: $? = 1
configure: failed program was:
| /* confdefs.h.  */
| #define PACKAGE_NAME ""
| #define PACKAGE_TARNAME ""
| #define PACKAGE_VERSION ""
| #define PACKAGE_STRING ""
| #define PACKAGE_BUGREPORT ""
| #define PACKAGE "plib"
| #define VERSION "1.8.5"
| #define X_DISPLAY_MISSING 1
| #define HAVE_LIBPTHREAD 1
| #define HAVE_LIBGL 1
| #define HAVE_LIBDL 1
| /* end confdefs.h.  */
| 
| /* Override any GCC internal prototype to avoid an error.
|    Use char because int might match the return type of a GCC
|    builtin and then its argument prototype would still apply.  */
| #ifdef __cplusplus
| extern "C"
| #endif
| char ALopenport ();
| int
| main ()
| {
| return ALopenport ();
|   ;
|   return 0;
| }
configure:7187: result: no
configure:7203: checking for grep that handles long lines and -e
configure:7277: result: /bin/grep
configure:7282: checking for egrep
configure:7360: result: /bin/grep -E
configure:7365: checking for ANSI C header files
configure:7395: gcc -c -fPIC -fPIC conftest.c >&5
configure:7401: $? = 0
configure:7408: test -z "$ac_c_werror_flag" || test ! -s conftest.err
configure:7411: $? = 0
configure:7418: test -s conftest.o
configure:7421: $? = 0
configure:7517: gcc -o conftest -fPIC -fPIC   conftest.c -ldl -lGL -lpthread   -lXi -lXmu -lXext -lX11  -lm >&5
configure:7520: $? = 0
configure:7526: ./conftest
configure:7529: $? = 0
configure:7546: result: yes
configure:7571: checking for sys/types.h
configure:7592: gcc -c -fPIC -fPIC conftest.c >&5
configure:7598: $? = 0
configure:7605: test -z "$ac_c_werror_flag" || test ! -s conftest.err
configure:7608: $? = 0
configure:7615: test -s conftest.o
configure:7618: $? = 0
configure:7631: result: yes
configure:7571: checking for sys/stat.h
configure:7592: gcc -c -fPIC -fPIC conftest.c >&5
configure:7598: $? = 0
configure:7605: test -z "$ac_c_werror_flag" || test ! -s conftest.err
configure:7608: $? = 0
configure:7615: test -s conftest.o
configure:7618: $? = 0
configure:7631: result: yes
configure:7571: checking for stdlib.h
configure:7592: gcc -c -fPIC -fPIC conftest.c >&5
configure:7598: $? = 0
configure:7605: test -z "$ac_c_werror_flag" || test ! -s conftest.err
configure:7608: $? = 0
configure:7615: test -s conftest.o
configure:7618: $? = 0
configure:7631: result: yes
configure:7571: checking for string.h
configure:7592: gcc -c -fPIC -fPIC conftest.c >&5
configure:7598: $? = 0
configure:7605: test -z "$ac_c_werror_flag" || test ! -s conftest.err
configure:7608: $? = 0
configure:7615: test -s conftest.o
configure:7618: $? = 0
configure:7631: result: yes
configure:7571: checking for memory.h
configure:7592: gcc -c -fPIC -fPIC conftest.c >&5
configure:7598: $? = 0
configure:7605: test -z "$ac_c_werror_flag" || test ! -s conftest.err
configure:7608: $? = 0
configure:7615: test -s conftest.o
configure:7618: $? = 0
configure:7631: result: yes
configure:7571: checking for strings.h
configure:7592: gcc -c -fPIC -fPIC conftest.c >&5
configure:7598: $? = 0
configure:7605: test -z "$ac_c_werror_flag" || test ! -s conftest.err
configure:7608: $? = 0
configure:7615: test -s conftest.o
configure:7618: $? = 0
configure:7631: result: yes
configure:7571: checking for inttypes.h
configure:7592: gcc -c -fPIC -fPIC conftest.c >&5
configure:7598: $? = 0
configure:7605: test -z "$ac_c_werror_flag" || test ! -s conftest.err
configure:7608: $? = 0
configure:7615: test -s conftest.o
configure:7618: $? = 0
configure:7631: result: yes
configure:7571: checking for stdint.h
configure:7592: gcc -c -fPIC -fPIC conftest.c >&5
configure:7598: $? = 0
configure:7605: test -z "$ac_c_werror_flag" || test ! -s conftest.err
configure:7608: $? = 0
configure:7615: test -s conftest.o
configure:7618: $? = 0
configure:7631: result: yes
configure:7571: checking for unistd.h
configure:7592: gcc -c -fPIC -fPIC conftest.c >&5
configure:7598: $? = 0
configure:7605: test -z "$ac_c_werror_flag" || test ! -s conftest.err
configure:7608: $? = 0
configure:7615: test -s conftest.o
configure:7618: $? = 0
configure:7631: result: yes
configure:7653: checking windows.h usability
configure:7670: gcc -c -fPIC -fPIC conftest.c >&5
conftest.c:57:21: fatal error: windows.h: No such file or directory
 #include <windows.h>
                     ^
compilation terminated.
configure:7676: $? = 1
configure: failed program was:
| /* confdefs.h.  */
| #define PACKAGE_NAME ""
| #define PACKAGE_TARNAME ""
| #define PACKAGE_VERSION ""
| #define PACKAGE_STRING ""
| #define PACKAGE_BUGREPORT ""
| #define PACKAGE "plib"
| #define VERSION "1.8.5"
| #define X_DISPLAY_MISSING 1
| #define HAVE_LIBPTHREAD 1
| #define HAVE_LIBGL 1
| #define HAVE_LIBDL 1
| #define STDC_HEADERS 1
| #define HAVE_SYS_TYPES_H 1
| #define HAVE_SYS_STAT_H 1
| #define HAVE_STDLIB_H 1
| #define HAVE_STRING_H 1
| #define HAVE_MEMORY_H 1
| #define HAVE_STRINGS_H 1
| #define HAVE_INTTYPES_H 1
| #define HAVE_STDINT_H 1
| #define HAVE_UNISTD_H 1
| /* end confdefs.h.  */
| #include <stdio.h>
| #if HAVE_SYS_TYPES_H
| # include <sys/types.h>
| #endif
| #if HAVE_SYS_STAT_H
| # include <sys/stat.h>
| #endif
| #if STDC_HEADERS
| # include <stdlib.h>
| # include <stddef.h>
| #else
| # if HAVE_STDLIB_H
| #  include <stdlib.h>
| # endif
| #endif
| #if HAVE_STRING_H
| # if !STDC_HEADERS && HAVE_MEMORY_H
| #  include <memory.h>
| # endif
| # include <string.h>
| #endif
| #if HAVE_STRINGS_H
| # include <strings.h>
| #endif
| #if HAVE_INTTYPES_H
| # include <inttypes.h>
| #endif
| #if HAVE_STDINT_H
| # include <stdint.h>
| #endif
| #if HAVE_UNISTD_H
| # include <unistd.h>
| #endif
| #include <windows.h>
configure:7707: result: no
configure:7711: checking windows.h presence
configure:7726: gcc -E -fPIC conftest.c
conftest.c:24:21: fatal error: windows.h: No such file or directory
 #include <windows.h>
                     ^
compilation terminated.
configure:7732: $? = 1
configure: failed program was:
| /* confdefs.h.  */
| #define PACKAGE_NAME ""
| #define PACKAGE_TARNAME ""
| #define PACKAGE_VERSION ""
| #define PACKAGE_STRING ""
| #define PACKAGE_BUGREPORT ""
| #define PACKAGE "plib"
| #define VERSION "1.8.5"
| #define X_DISPLAY_MISSING 1
| #define HAVE_LIBPTHREAD 1
| #define HAVE_LIBGL 1
| #define HAVE_LIBDL 1
| #define STDC_HEADERS 1
| #define HAVE_SYS_TYPES_H 1
| #define HAVE_SYS_STAT_H 1
| #define HAVE_STDLIB_H 1
| #define HAVE_STRING_H 1
| #define HAVE_MEMORY_H 1
| #define HAVE_STRINGS_H 1
| #define HAVE_INTTYPES_H 1
| #define HAVE_STDINT_H 1
| #define HAVE_UNISTD_H 1
| /* end confdefs.h.  */
| #include <windows.h>
configure:7753: result: no
configure:7781: checking for windows.h
configure:7788: result: no
configure:8137: checking GL/gl.h usability
configure:8154: gcc -c -fPIC -fPIC conftest.c >&5
configure:8160: $? = 0
configure:8167: test -z "$ac_c_werror_flag" || test ! -s conftest.err
configure:8170: $? = 0
configure:8177: test -s conftest.o
configure:8180: $? = 0
configure:8191: result: yes
configure:8195: checking GL/gl.h presence
configure:8210: gcc -E -fPIC conftest.c
configure:8216: $? = 0
configure:8237: result: yes
configure:8265: checking for GL/gl.h
configure:8272: result: yes
configure:8317: checking for pthread_exit in -lc_r
configure:8352: gcc -o conftest -pthread -fPIC -Wall -fPIC   conftest.c -lc_r  -ldl -lGL -lpthread   -lXi -lXmu -lXext -lX11  -lm >&5
/usr/bin/ld: cannot find -lc_r
collect2: error: ld returned 1 exit status
configure:8358: $? = 1
configure: failed program was:
| /* confdefs.h.  */
| #define PACKAGE_NAME ""
| #define PACKAGE_TARNAME ""
| #define PACKAGE_VERSION ""
| #define PACKAGE_STRING ""
| #define PACKAGE_BUGREPORT ""
| #define PACKAGE "plib"
| #define VERSION "1.8.5"
| #define X_DISPLAY_MISSING 1
| #define HAVE_LIBPTHREAD 1
| #define HAVE_LIBGL 1
| #define HAVE_LIBDL 1
| #define STDC_HEADERS 1
| #define HAVE_SYS_TYPES_H 1
| #define HAVE_SYS_STAT_H 1
| #define HAVE_STDLIB_H 1
| #define HAVE_STRING_H 1
| #define HAVE_MEMORY_H 1
| #define HAVE_STRINGS_H 1
| #define HAVE_INTTYPES_H 1
| #define HAVE_STDINT_H 1
| #define HAVE_UNISTD_H 1
| /* end confdefs.h.  */
| 
| /* Override any GCC internal prototype to avoid an error.
|    Use char because int might match the return type of a GCC
|    builtin and then its argument prototype would still apply.  */
| #ifdef __cplusplus
| extern "C"
| #endif
| char pthread_exit ();
| int
| main ()
| {
| return pthread_exit ();
|   ;
|   return 0;
| }
configure:8392: result: no
configure:8410: checking for socklen_t
configure:8437: gcc -c -fPIC -Wall -fPIC conftest.c >&5
configure:8443: $? = 0
configure:8450: test -z "$ac_c_werror_flag" || test ! -s conftest.err
configure:8453: $? = 0
configure:8460: test -s conftest.o
configure:8463: $? = 0
configure:8466: result: yes
configure:8789: creating ./config.status

## ---------------------- ##
## Running config.status. ##
## ---------------------- ##

This file was extended by config.status, which was
generated by GNU Autoconf 2.60.  Invocation command line was

  CONFIG_FILES    = 
  CONFIG_HEADERS  = 
  CONFIG_LINKS    = 
  CONFIG_COMMANDS = 
  $ ./config.status 

on bezzo-ThinkPad-P50

config.status:664: creating Makefile
config.status:664: creating src/Makefile
config.status:664: creating src/js/Makefile
config.status:664: creating src/util/Makefile
config.status:664: creating src/sg/Makefile
config.status:664: creating src/sl/Makefile
config.status:664: creating src/psl/Makefile
config.status:664: creating src/ssg/Makefile
config.status:664: creating src/ssgAux/Makefile
config.status:664: creating src/fnt/Makefile
config.status:664: creating src/pui/Makefile
config.status:664: creating src/puAux/Makefile
config.status:664: creating src/pw/Makefile
config.status:664: creating src/net/Makefile
config.status:849: executing depfiles commands
configure:9942: result: PLIB configuration information:

  Building FNT library:     yes
  Building JS library:      yes
  Building NET library:     yes
  Building PUI library:     yes
  Building puAux library:   yes
  Building SG library:      yes
  Building PSL library:     yes
  Building SL library:      yes
  Building SSG library:     yes
  Building ssgAux library:  yes
  Building PW library:      yes
  Building UTIL library:    yes


## ---------------- ##
## Cache variables. ##
## ---------------- ##

ac_cv_build=x86_64-unknown-linux-gnu
ac_cv_c_compiler_gnu=yes
ac_cv_cxx_compiler_gnu=yes
ac_cv_env_CCC_set=
ac_cv_env_CCC_value=
ac_cv_env_CC_set=
ac_cv_env_CC_value=
ac_cv_env_CFLAGS_set=set
ac_cv_env_CFLAGS_value=-fPIC
ac_cv_env_CPPFLAGS_set=set
ac_cv_env_CPPFLAGS_value=-fPIC
ac_cv_env_CPP_set=
ac_cv_env_CPP_value=
ac_cv_env_CXXCPP_set=
ac_cv_env_CXXCPP_value=
ac_cv_env_CXXFLAGS_set=set
ac_cv_env_CXXFLAGS_value=-fPIC
ac_cv_env_CXX_set=
ac_cv_env_CXX_value=
ac_cv_env_LDFLAGS_set=
ac_cv_env_LDFLAGS_value=
ac_cv_env_XMKMF_set=
ac_cv_env_XMKMF_value=
ac_cv_env_build_alias_set=
ac_cv_env_build_alias_value=
ac_cv_env_host_alias_set=
ac_cv_env_host_alias_value=
ac_cv_env_target_alias_set=
ac_cv_env_target_alias_value=
ac_cv_have_x=have_x=no
ac_cv_header_GL_gl_h=yes
ac_cv_header_inttypes_h=yes
ac_cv_header_memory_h=yes
ac_cv_header_stdc=yes
ac_cv_header_stdint_h=yes
ac_cv_header_stdlib_h=yes
ac_cv_header_string_h=yes
ac_cv_header_strings_h=yes
ac_cv_header_sys_stat_h=yes
ac_cv_header_sys_types_h=yes
ac_cv_header_unistd_h=yes
ac_cv_header_windows_h=no
ac_cv_host=x86_64-unknown-linux-gnu
ac_cv_lib_GL_glNewList=yes
ac_cv_lib_audio_ALopenport=no
ac_cv_lib_c_r_pthread_exit=no
ac_cv_lib_dl_dlclose=yes
ac_cv_lib_pthread_pthread_create=yes
ac_cv_objext=o
ac_cv_path_EGREP='/bin/grep -E'
ac_cv_path_GREP=/bin/grep
ac_cv_path_install='/usr/bin/install -c'
ac_cv_prog_AWK=mawk
ac_cv_prog_CPP='gcc -E'
ac_cv_prog_CXXCPP='g++ -E'
ac_cv_prog_ac_ct_CC=gcc
ac_cv_prog_ac_ct_CXX=g++
ac_cv_prog_ac_ct_RANLIB=ranlib
ac_cv_prog_cc_c89=
ac_cv_prog_cc_g=yes
ac_cv_prog_cxx_g=yes
ac_cv_prog_make_make_set=yes
am_cv_CC_dependencies_compiler_type=gcc3
am_cv_CXX_dependencies_compiler_type=gcc3

## ----------------- ##
## Output variables. ##
## ----------------- ##

ACLOCAL='${SHELL} /home/bezzo/torcs/plib-1.8.5/missing --run aclocal-1.9'
AMDEPBACKSLASH='\'
AMDEP_FALSE='#'
AMDEP_TRUE=''
AMTAR='${SHELL} /home/bezzo/torcs/plib-1.8.5/missing --run tar'
AUTOCONF='${SHELL} /home/bezzo/torcs/plib-1.8.5/missing --run autoconf'
AUTOHEADER='${SHELL} /home/bezzo/torcs/plib-1.8.5/missing --run autoheader'
AUTOMAKE='${SHELL} /home/bezzo/torcs/plib-1.8.5/missing --run automake-1.9'
AWK='mawk'
BUILD_FNT_FALSE='#'
BUILD_FNT_TRUE=''
BUILD_JS_FALSE='#'
BUILD_JS_TRUE=''
BUILD_NET_FALSE='#'
BUILD_NET_TRUE=''
BUILD_PSL_FALSE='#'
BUILD_PSL_TRUE=''
BUILD_PUAUX_FALSE='#'
BUILD_PUAUX_TRUE=''
BUILD_PUI_FALSE='#'
BUILD_PUI_TRUE=''
BUILD_PW_FALSE='#'
BUILD_PW_TRUE=''
BUILD_SG_FALSE='#'
BUILD_SG_TRUE=''
BUILD_SL_FALSE='#'
BUILD_SL_TRUE=''
BUILD_SSGAUX_FALSE='#'
BUILD_SSGAUX_TRUE=''
BUILD_SSG_FALSE='#'
BUILD_SSG_TRUE=''
BUILD_UL_FALSE='#'
BUILD_UL_TRUE=''
CC='gcc'
CCDEPMODE='depmode=gcc3'
CFLAGS='-fPIC -Wall'
CPP='gcc -E'
CPPFLAGS='-fPIC'
CXX='g++'
CXXCPP='g++ -E'
CXXDEPMODE='depmode=gcc3'
CXXFLAGS='-fPIC -Wall'
CYGPATH_W='echo'
DEFS='-DPACKAGE_NAME=\"\" -DPACKAGE_TARNAME=\"\" -DPACKAGE_VERSION=\"\" -DPACKAGE_STRING=\"\" -DPACKAGE_BUGREPORT=\"\" -DPACKAGE=\"plib\" -DVERSION=\"1.8.5\" -DX_DISPLAY_MISSING=1 -DHAVE_LIBPTHREAD=1 -DHAVE_LIBGL=1 -DHAVE_LIBDL=1 -DSTDC_HEADERS=1 -DHAVE_SYS_TYPES_H=1 -DHAVE_SYS_STAT_H=1 -DHAVE_STDLIB_H=1 -DHAVE_STRING_H=1 -DHAVE_MEMORY_H=1 -DHAVE_STRINGS_H=1 -DHAVE_INTTYPES_H=1 -DHAVE_STDINT_H=1 -DHAVE_UNISTD_H=1'
DEPDIR='.deps'
ECHO_C=''
ECHO_N='-n'
ECHO_T=''
EGREP='/bin/grep -E'
EXEEXT=''
GREP='/bin/grep'
INSTALL_DATA='${INSTALL} -m 644'
INSTALL_PROGRAM='${INSTALL}'
INSTALL_SCRIPT='${INSTALL}'
INSTALL_STRIP_PROGRAM='${SHELL} $(install_sh) -c -s'
LDFLAGS=' '
LIBOBJS=''
LIBS='-ldl -lGL -lpthread   -lXi -lXmu -lXext -lX11  -lm'
LTLIBOBJS=''
MAKEINFO='${SHELL} /home/bezzo/torcs/plib-1.8.5/missing --run makeinfo'
OBJEXT='o'
PACKAGE='plib'
PACKAGE_BUGREPORT=''
PACKAGE_NAME=''
PACKAGE_STRING=''
PACKAGE_TARNAME=''
PACKAGE_VERSION=''
PATH_SEPARATOR=':'
RANLIB='ranlib'
SET_MAKE=''
SHELL='/bin/bash'
STRIP=''
VERSION='1.8.5'
XMKMF=''
X_CFLAGS=''
X_EXTRA_LIBS=''
X_LIBS=''
X_PRE_LIBS=''
ac_ct_CC='gcc'
ac_ct_CXX='g++'
am__fastdepCC_FALSE='#'
am__fastdepCC_TRUE=''
am__fastdepCXX_FALSE='#'
am__fastdepCXX_TRUE=''
am__include='include'
am__leading_dot='.'
am__quote=''
am__tar='${AMTAR} chof - "$$tardir"'
am__untar='${AMTAR} xf -'
bindir='${exec_prefix}/bin'
build='x86_64-unknown-linux-gnu'
build_alias=''
build_cpu='x86_64'
build_os='linux-gnu'
build_vendor='unknown'
datadir='${datarootdir}'
datarootdir='${prefix}/share'
docdir='${datarootdir}/doc/${PACKAGE}'
dvidir='${docdir}'
exec_prefix='${prefix}'
host='x86_64-unknown-linux-gnu'
host_alias=''
host_cpu='x86_64'
host_os='linux-gnu'
host_vendor='unknown'
htmldir='${docdir}'
includedir='${prefix}/include/plib'
infodir='${datarootdir}/info'
install_sh='/home/bezzo/torcs/plib-1.8.5/install-sh'
libdir='${exec_prefix}/lib'
libexecdir='${exec_prefix}/libexec'
localedir='${datarootdir}/locale'
localstatedir='${prefix}/var'
mandir='${datarootdir}/man'
mkdir_p='mkdir -p --'
oldincludedir='/usr/include'
pdfdir='${docdir}'
prefix='/usr'
program_transform_name='s,x,x,'
psdir='${docdir}'
sbindir='${exec_prefix}/sbin'
sharedstatedir='${prefix}/com'
sysconfdir='${prefix}/etc'
target_alias=''

## ----------- ##
## confdefs.h. ##
## ----------- ##

#define PACKAGE_NAME ""
#define PACKAGE_TARNAME ""
#define PACKAGE_VERSION ""
#define PACKAGE_STRING ""
#define PACKAGE_BUGREPORT ""
#define PACKAGE "plib"
#define VERSION "1.8.5"
#define X_DISPLAY_MISSING 1
#define HAVE_LIBPTHREAD 1
#define HAVE_LIBGL 1
#define HAVE_LIBDL 1
#define STDC_HEADERS 1
#define HAVE_SYS_TYPES_H 1
#define HAVE_SYS_STAT_H 1
#define HAVE_STDLIB_H 1
#define HAVE_STRING_H 1
#define HAVE_MEMORY_H 1
#define HAVE_STRINGS_H 1
#define HAVE_INTTYPES_H 1
#define HAVE_STDINT_H 1
#define HAVE_UNISTD_H 1

configure: exit 0
